2025-11-06 13:41:42.44    UiThreadManager Initialized
2025-11-06 13:41:42.45    PluginManager Initializing plugins...
2025-11-06 13:41:42.45    PluginManager Loading plugin assembly: SportsDataInterface.Plugins.SportradarNba, Version=1.0.0.0, Culture=neutral, PublicKeyToken=null
2025-11-06 13:41:42.49    PluginManager Initializing plugin: Sportradar NBA Plugin
2025-11-06 13:41:42.50    PluginManager Loading plugin assembly: SportsDataInterface.Plugins.SportradarMlb, Version=1.0.0.0, Culture=neutral, PublicKeyToken=null
2025-11-06 13:41:42.50    PluginManager Initializing plugin: Sportradar MLB Plugin
2025-11-06 13:41:42.50    PluginManager Loading plugin assembly: SportsDataInterface.Plugins.SportradarReports, Version=1.0.0.0, Culture=neutral, PublicKeyToken=null
2025-11-06 13:41:42.51    PluginManager Initializing plugin: Sportradar Reports Plugin
2025-11-06 13:41:42.51    PluginManager Loading plugin assembly: SportsDataInterface.Plugins.OnAir, Version=1.0.0.0, Culture=neutral, PublicKeyToken=null
2025-11-06 13:41:42.52    PluginManager Initializing plugin: OnAir Plugin
2025-11-06 13:41:43.06    RosterManager Updating nba roster...
2025-11-06 13:41:43.53    RosterManager nba roster updated
2025-11-06 13:41:43.56    RosterManager Loaded nba roster: 40 teams, 536 players
2025-11-06 13:41:43.56    RosterManager Updating wnba roster...
2025-11-06 13:41:43.78    RosterManager wnba roster updated
2025-11-06 13:41:43.79    RosterManager Loaded wnba roster: 13 teams, 176 players
2025-11-06 13:41:43.79    RosterManager Updating nbdl roster...
2025-11-06 13:41:44.06    RosterManager nbdl roster updated
2025-11-06 13:41:44.07    RosterManager Loaded nbdl roster: 31 teams, 354 players
2025-11-06 13:41:44.10    RosterManager Updating mlb roster...
2025-11-06 13:41:44.46    RosterManager mlb roster updated
2025-11-06 13:41:44.49    RosterManager Loaded mlb roster: 32 teams, 1141 players
2025-11-06 16:26:25.07    UiThreadManager Initialized
2025-11-06 16:26:25.08    PluginManager Initializing plugins...
2025-11-06 16:26:25.08    PluginManager Loading plugin assembly: SportsDataInterface.Plugins.SportradarNba, Version=1.0.0.0, Culture=neutral, PublicKeyToken=null
2025-11-06 16:26:25.08    PluginManager Initializing plugin: Sportradar NBA Plugin
2025-11-06 16:26:25.08    PluginManager Loading plugin assembly: SportsDataInterface.Plugins.SportradarMlb, Version=1.0.0.0, Culture=neutral, PublicKeyToken=null
2025-11-06 16:26:25.08    PluginManager Initializing plugin: Sportradar MLB Plugin
2025-11-06 16:26:25.08    PluginManager Loading plugin assembly: SportsDataInterface.Plugins.SportradarReports, Version=1.0.0.0, Culture=neutral, PublicKeyToken=null
2025-11-06 16:26:25.10    PluginManager Initializing plugin: Sportradar Reports Plugin
2025-11-06 16:26:25.10    PluginManager Loading plugin assembly: SportsDataInterface.Plugins.OnAir, Version=1.0.0.0, Culture=neutral, PublicKeyToken=null
2025-11-06 16:26:25.10    PluginManager Initializing plugin: OnAir Plugin
2025-11-06 16:26:25.36    RosterManager Updating nba roster...
2025-11-06 16:26:25.81    RosterManager nba roster updated
2025-11-06 16:26:25.85    RosterManager Loaded nba roster: 40 teams, 536 players
2025-11-06 16:26:25.86    RosterManager Updating wnba roster...
2025-11-06 16:26:26.08    RosterManager wnba roster updated
2025-11-06 16:26:26.09    RosterManager Loaded wnba roster: 13 teams, 176 players
2025-11-06 16:26:26.09    RosterManager Updating nbdl roster...
2025-11-06 16:26:26.34    RosterManager nbdl roster updated
2025-11-06 16:26:26.35    RosterManager Loaded nbdl roster: 31 teams, 354 players
2025-11-06 16:26:26.38    RosterManager Updating mlb roster...
2025-11-06 16:26:26.71    RosterManager mlb roster updated
2025-11-06 16:26:26.74    RosterManager Loaded mlb roster: 32 teams, 1137 players
