2026-01-08 12:21:25.75    UiThreadManager Initialized
2026-01-08 12:21:26.20    PluginManager Initializing plugins...
2026-01-08 12:21:26.20    PluginManager Loading plugin assembly: SportsDataInterface.Plugins.SportradarNba, Version=1.0.0.0, Culture=neutral, PublicKeyToken=null
2026-01-08 12:21:26.41    PluginManager Initializing plugin: Sportradar NBA Plugin
2026-01-08 12:21:26.41    PluginManager Loading plugin assembly: SportsDataInterface.Plugins.SportradarMlb, Version=1.0.0.0, Culture=neutral, PublicKeyToken=null
2026-01-08 12:21:26.42    PluginManager Initializing plugin: Sportradar MLB Plugin
2026-01-08 12:21:26.42    PluginManager Loading plugin assembly: SportsDataInterface.Plugins.SportradarReports, Version=1.0.0.0, Culture=neutral, PublicKeyToken=null
2026-01-08 12:21:26.42    PluginManager Initializing plugin: Sportradar Reports Plugin
2026-01-08 12:21:26.42    PluginManager Loading plugin assembly: SportsDataInterface.Plugins.OnAir, Version=1.0.0.0, Culture=neutral, PublicKeyToken=null
2026-01-08 12:21:26.48    PluginManager Initializing plugin: OnAir Plugin
2026-01-08 12:21:30.75    RosterManager Updating nba roster...
2026-01-08 12:21:31.59    RosterManager nba roster updated
2026-01-08 12:21:31.62    RosterManager Loaded nba roster: 40 teams, 538 players
2026-01-08 12:21:31.62    RosterManager Updating wnba roster...
2026-01-08 12:21:31.76    RosterManager wnba roster updated
2026-01-08 12:21:31.77    RosterManager Loaded wnba roster: 0 teams, 0 players
2026-01-08 12:21:31.77    RosterManager Updating nbdl roster...
2026-01-08 12:21:32.04    RosterManager nbdl roster updated
2026-01-08 12:21:32.05    RosterManager Loaded nbdl roster: 31 teams, 423 players
2026-01-08 12:21:32.07    RosterManager Updating mlb roster...
2026-01-08 12:21:32.45    RosterManager mlb roster updated
2026-01-08 12:21:32.47    RosterManager Loaded mlb roster: 32 teams, 1180 players
